<?xml version="1.0" encoding="UTF-8"?>
<testsuites>
  <testsuite name="fastlane.lanes">
    
    
    
      
      <testcase classname="fastlane.lanes" name="0: default_platform" time="0.0012581">
        
      </testcase>
    
      
      <testcase classname="fastlane.lanes" name="1: flutter build apk --release" time="65.744993">
        
          <failure message="D:/Ruby33-x64/lib/ruby/gems/3.3.0/gems/fastlane-2.222.0/fastlane/lib/fastlane/actions/actions_helper.rb:67:in `execute_action&apos;&#10;D:/Ruby33-x64/lib/ruby/gems/3.3.0/gems/fastlane-2.222.0/fastlane/lib/fastlane/fast_file.rb:224:in `sh&apos;&#10;D:/Ruby33-x64/lib/ruby/gems/3.3.0/gems/fastlane-2.222.0/fastlane/lib/fastlane/fast_file.rb:216:in `sh&apos;&#10;Fastfile:21:in `block (2 levels) in parsing_binding&apos;&#10;D:/Ruby33-x64/lib/ruby/gems/3.3.0/gems/fastlane-2.222.0/fastlane/lib/fastlane/lane.rb:41:in `call&apos;&#10;D:/Ruby33-x64/lib/ruby/gems/3.3.0/gems/fastlane-2.222.0/fastlane/lib/fastlane/runner.rb:49:in `block in execute&apos;&#10;D:/Ruby33-x64/lib/ruby/gems/3.3.0/gems/fastlane-2.222.0/fastlane/lib/fastlane/runner.rb:45:in `chdir&apos;&#10;D:/Ruby33-x64/lib/ruby/gems/3.3.0/gems/fastlane-2.222.0/fastlane/lib/fastlane/runner.rb:45:in `execute&apos;&#10;D:/Ruby33-x64/lib/ruby/gems/3.3.0/gems/fastlane-2.222.0/fastlane/lib/fastlane/lane_manager.rb:46:in `cruise_lane&apos;&#10;D:/Ruby33-x64/lib/ruby/gems/3.3.0/gems/fastlane-2.222.0/fastlane/lib/fastlane/command_line_handler.rb:34:in `handle&apos;&#10;D:/Ruby33-x64/lib/ruby/gems/3.3.0/gems/fastlane-2.222.0/fastlane/lib/fastlane/commands_generator.rb:110:in `block (2 levels) in run&apos;&#10;D:/Ruby33-x64/lib/ruby/gems/3.3.0/gems/commander-4.6.0/lib/commander/command.rb:187:in `call&apos;&#10;D:/Ruby33-x64/lib/ruby/gems/3.3.0/gems/commander-4.6.0/lib/commander/command.rb:157:in `run&apos;&#10;D:/Ruby33-x64/lib/ruby/gems/3.3.0/gems/commander-4.6.0/lib/commander/runner.rb:444:in `run_active_command&apos;&#10;D:/Ruby33-x64/lib/ruby/gems/3.3.0/gems/fastlane-2.222.0/fastlane_core/lib/fastlane_core/ui/fastlane_runner.rb:124:in `run!&apos;&#10;D:/Ruby33-x64/lib/ruby/gems/3.3.0/gems/commander-4.6.0/lib/commander/delegates.rb:18:in `run!&apos;&#10;D:/Ruby33-x64/lib/ruby/gems/3.3.0/gems/fastlane-2.222.0/fastlane/lib/fastlane/commands_generator.rb:363:in `run&apos;&#10;D:/Ruby33-x64/lib/ruby/gems/3.3.0/gems/fastlane-2.222.0/fastlane/lib/fastlane/commands_generator.rb:43:in `start&apos;&#10;D:/Ruby33-x64/lib/ruby/gems/3.3.0/gems/fastlane-2.222.0/fastlane/lib/fastlane/cli_tools_distributor.rb:123:in `take_off&apos;&#10;D:/Ruby33-x64/lib/ruby/gems/3.3.0/gems/fastlane-2.222.0/bin/fastlane:23:in `&lt;top (required)&gt;&apos;&#10;D:/Ruby33-x64/bin/fastlane:32:in `load&apos;&#10;D:/Ruby33-x64/bin/fastlane:32:in `&lt;main&gt;&apos;&#10;&#10;Exit status of command &apos;flutter build apk --release&apos; was 1 instead of 0.&#10;Changing current working directory to: D:\qr_code&#10;&#10;Running Gradle task &apos;assembleRelease&apos;...                        &#10;Note: C:\Users\H  P\AppData\Local\Pub\Cache\hosted\http%58%47%47pub.flutter-io.cn\esys_flutter_share_plus-2.2.0\android\src\main\java\de\esys\esysfluttershare\EsysFlutterSharePlugin.java uses unchecked or unsafe operations.&#10;Note: Recompile with -Xlint:unchecked for details.&#10;Note: Some input files use or override a deprecated API.&#10;Note: Recompile with -Xlint:deprecation for details.&#10;Note: Some input files use or override a deprecated API.&#10;Note: Recompile with -Xlint:deprecation for details.&#10;Note: Some input files use unchecked or unsafe operations.&#10;Note: Recompile with -Xlint:unchecked for details.&#10;e: C:/Users/H  P/.gradle/caches/transforms-3/3bb6400ce2995ce4507aa024c0d448d3/transformed/fragment-1.7.1-api.jar!/META-INF/fragment_release.kotlin_module: Module was compiled with an incompatible version of Kotlin. The binary version of its metadata is 1.8.0, expected version is 1.6.0.&#10;e: C:/Users/H  P/.gradle/caches/transforms-3/4fd16847f190b1c218a63f2bbe9dbf52/transformed/jetified-activity-1.8.1-api.jar!/META-INF/activity_release.kotlin_module: Module was compiled with an incompatible version of Kotlin. The binary version of its metadata is 1.8.0, expected version is 1.6.0.&#10;e: C:/Users/H  P/.gradle/caches/transforms-3/4e3b25e2e1729d8495b6243136d609ab/transformed/jetified-lifecycle-livedata-core-ktx-2.7.0-api.jar!/META-INF/lifecycle-livedata-core-ktx_release.kotlin_module: Module was compiled with an incompatible version of Kotlin. The binary version of its metadata is 1.8.0, expected version is 1.6.0.&#10;e: C:/Users/H  P/.gradle/caches/transforms-3/22904dfe3de17304116cd05c63ae869b/transformed/lifecycle-livedata-2.7.0-api.jar!/META-INF/lifecycle-livedata_release.kotlin_module: Module was compiled with an incompatible version of Kotlin. The binary version of its metadata is 1.8.0, expected version is 1.6.0.&#10;e: C:/Users/H  P/.gradle/caches/transforms-3/1a63fab27d2fd7c2ec906bcaa67cb194/transformed/lifecycle-viewmodel-2.7.0-api.jar!/META-INF/lifecycle-viewmodel_release.kotlin_module: Module was compiled with an incompatible version of Kotlin. The binary version of its metadata is 1.8.0, expected version is 1.6.0.&#10;e: C:/Users/H  P/.gradle/caches/transforms-3/df6ecd01cfa50efab9ce5dc43db5a59d/transformed/lifecycle-livedata-core-2.7.0-api.jar!/META-INF/lifecycle-livedata-core_release.kotlin_module: Module was compiled with an incompatible version of Kotlin. The binary version of its metadata is 1.8.0, expected version is 1.6.0.&#10;e: C:/Users/H  P/.gradle/caches/transforms-3/a15dbc0fe255f1d4cb5ed9d52f91188e/transformed/jetified-lifecycle-process-2.7.0-api.jar!/META-INF/lifecycle-process_release.kotlin_module: Module was compiled with an incompatible version of Kotlin. The binary version of its metadata is 1.8.0, expected version is 1.6.0.&#10;e: C:/Users/H  P/.gradle/caches/modules-2/files-2.1/androidx.lifecycle/lifecycle-common/2.7.0/85334205d65cca70ed0109c3acbd29e22a2d9cb1/lifecycle-common-2.7.0.jar!/META-INF/lifecycle-common.kotlin_module: Module was compiled with an incompatible version of Kotlin. The binary version of its metadata is 1.8.0, expected version is 1.6.0.&#10;e: C:/Users/H  P/.gradle/caches/transforms-3/8812c5aa9f8e35f0d57686de8261cc14/transformed/lifecycle-runtime-2.7.0-api.jar!/META-INF/lifecycle-runtime_release.kotlin_module: Module was compiled with an incompatible version of Kotlin. The binary version of its metadata is 1.8.0, expected version is 1.6.0.&#10;e: C:/Users/H  P/.gradle/caches/transforms-3/28cbe617a4b3eb8dff9b73e9f48f98f5/transformed/jetified-lifecycle-viewmodel-savedstate-2.7.0-api.jar!/META-INF/lifecycle-viewmodel-savedstate_release.kotlin_module: Module was compiled with an incompatible version of Kotlin. The binary version of its metadata is 1.8.0, expected version is 1.6.0.&#10;e: C:/Users/H  P/.gradle/caches/transforms-3/7c510aae9398e45e272b1fec7f17998b/transformed/jetified-core-ktx-1.13.1-api.jar!/META-INF/core-ktx_release.kotlin_module: Module was compiled with an incompatible version of Kotlin. The binary version of its metadata is 1.8.0, expected version is 1.6.0.&#10;e: C:/Users/H  P/.gradle/caches/transforms-3/6bf8a28e19d088cc6546e61b18a019fb/transformed/core-1.13.1-api.jar!/META-INF/core_release.kotlin_module: Module was compiled with an incompatible version of Kotlin. The binary version of its metadata is 1.8.0, expected version is 1.6.0.&#10;e: C:/Users/H  P/.gradle/caches/transforms-3/92d9fbeb40adfce7b7b817a343d6f919/transformed/jetified-savedstate-1.2.1-api.jar!/META-INF/savedstate_release.kotlin_module: Module was compiled with an incompatible version of Kotlin. The binary version of its metadata is 1.8.0, expected version is 1.6.0.&#10;e: C:/Users/H  P/.gradle/caches/transforms-3/7b78d7e0a70353854c163d9fe5ab680c/transformed/jetified-window-1.2.0-api.jar!/META-INF/window_release.kotlin_module: Module was compiled with an incompatible version of Kotlin. The binary version of its metadata is 1.8.0, expected version is 1.6.0.&#10;e: C:/Users/H  P/.gradle/caches/transforms-3/6f86d4a98f3866a53460523a17751dc4/transformed/jetified-window-java-1.2.0-api.jar!/META-INF/window-java_release.kotlin_module: Module was compiled with an incompatible version of Kotlin. The binary version of its metadata is 1.8.0, expected version is 1.6.0.&#10;e: C:/Users/H  P/.gradle/caches/transforms-3/1590ec059b843df9ae45ed87cd328f38/transformed/jetified-kotlinx-coroutines-core-jvm-1.7.1.jar!/META-INF/kotlinx-coroutines-core.kotlin_module: Module was compiled with an incompatible version of Kotlin. The binary version of its metadata is 1.8.0, expected version is 1.6.0.&#10;e: C:/Users/H  P/.gradle/caches/transforms-3/6d75895360ccbbc02f512095f5fc32a0/transformed/jetified-kotlinx-coroutines-android-1.7.1.jar!/META-INF/kotlinx-coroutines-android.kotlin_module: Module was compiled with an incompatible version of Kotlin. The binary version of its metadata is 1.8.0, expected version is 1.6.0.&#10;e: C:/Users/H  P/.gradle/caches/transforms-3/8cb08471c52d9aeada2e3ba9ba36b15c/transformed/jetified-kotlin-stdlib-1.8.22.jar!/META-INF/kotlin-stdlib-jdk7.kotlin_module: Module was compiled with an incompatible version of Kotlin. The binary version of its metadata is 1.8.0, expected version is 1.6.0.&#10;e: C:/Users/H  P/.gradle/caches/transforms-3/8cb08471c52d9aeada2e3ba9ba36b15c/transformed/jetified-kotlin-stdlib-1.8.22.jar!/META-INF/kotlin-stdlib.kotlin_module: Module was compiled with an incompatible version of Kotlin. The binary version of its metadata is 1.8.0, expected version is 1.6.0.&#10;e: C:/Users/H  P/.gradle/caches/transforms-3/8cb08471c52d9aeada2e3ba9ba36b15c/transformed/jetified-kotlin-stdlib-1.8.22.jar!/META-INF/kotlin-stdlib-jdk8.kotlin_module: Module was compiled with an incompatible version of Kotlin. The binary version of its metadata is 1.8.0, expected version is 1.6.0.&#10;e: C:/Users/H  P/.gradle/caches/transforms-3/3ae5b1982ef448840fadafbb4529a702/transformed/jetified-kotlin-stdlib-common-1.8.22.jar!/META-INF/kotlin-stdlib-common.kotlin_module: Module was compiled with an incompatible version of Kotlin. The binary version of its metadata is 1.8.0, expected version is 1.6.0.&#10;Note: Some input files use or override a deprecated API.&#10;Note: Recompile with -Xlint:deprecation for details.&#10;Note: Some input files use unchecked or unsafe operations.&#10;Note: Recompile with -Xlint:unchecked for details.&#10;Target kernel_snapshot_program failed: Exception&#10;&#10;&#10;FAILURE: Build failed with an exception.&#10;&#10;* What went wrong:&#10;Execution failed for task &apos;:app:compileFlutterBuildRelease&apos;.&#10;&gt; Process &apos;command &apos;D:\flutter_windows_3.24.3-stable\flutter\bin\flutter.bat&apos;&apos; finished with non-zero exit value 1&#10;&#10;* Try:&#10;&gt; Run with --stacktrace option to get the stack trace.&#10;&gt; Run with --info or --debug option to get more log output.&#10;&gt; Run with --scan to get full insights.&#10;&#10;* Get more help at https://help.gradle.org&#10;&#10;BUILD FAILED in 1m&#10;Running Gradle task &apos;assembleRelease&apos;...                           61.8s&#10;&#10;┌─ Flutter Fix ────────────────────────────────────────────────────────────────────────────────┐&#10;│ [!] Your project requires a newer version of the Kotlin Gradle plugin.                       │&#10;│ Find the latest version on https://kotlinlang.org/docs/releases.html#release-details, then   │&#10;│ update the                                                                                   │&#10;│ version number of the plugin with id &quot;org.jetbrains.kotlin.android&quot; in the plugins block of  │&#10;│ D:\qr_code\android\settings.gradle.                                                          │&#10;│                                                                                              │&#10;│ Alternatively (if your project was created before Flutter 3.19), update                      │&#10;│ D:\qr_code\android\build.gradle                                                              │&#10;│ ext.kotlin_version = &apos;&lt;latest-version&gt;&apos;                                                      │&#10;└──────────────────────────────────────────────────────────────────────────────────────────────┘&#10;Gradle task assembleRelease failed with exit code 1&#10;" />
        
      </testcase>
    
  </testsuite>
</testsuites>
